C51 COMPILER V9.52.0.0   FT5206                                                            10/14/2017 10:14:21 PAGE 1   


C51 COMPILER V9.52.0.0, COMPILATION OF MODULE FT5206
OBJECT MODULE PLACED IN FT5206.OBJ
COMPILER INVOKED BY: C:\Keil\C51\BIN\C51.EXE FT5206.C LARGE OPTIMIZE(9,SPEED) BROWSE DEBUG OBJECTEXTEND

line level    source

   1          /********************************** (C) COPYRIGHT *******************************
   2          * File Name          : FT5206.C
   3          * Author             : RZ
   4          * Version            : V1.00
   5          * Date               : 2017-5-15 
   6          * Description        : 电容触摸IC触摸IC驱动
   7          *******************************************************************************/
   8          
   9          #include "FT5206.H"
  10          #include "FLASH_IC.H"
  11          #include "IIC.H"
  12          #include "DEBUG.H"
  13          #include "DEVICE.H"
  14          #include <stdio.h>
  15          #include <string.h>
  16          
  17          //sbit          FT5206_RST_PIN  =               P1^2;
  18          //sbit          FT5206_INT_PIN  =               P3^2;
  19          
  20          #define         FT5206_RST( x )                         ( FT5206_RST_PIN = x )
  21          #define         FT5206_INT( x )                         ( FT5206_INT_PIN = x )
  22          #define         FT5206_INT_DAT( )                       ( FT5206_INT_PIN )
  23          
  24          const UINT16 FT5206_TPX_TBL[5] =
  25          {
  26                  DEF_FT_TP1_REG,
  27                  DEF_FT_TP2_REG,
  28                  DEF_FT_TP3_REG,
  29                  DEF_FT_TP4_REG,
  30                  DEF_FT_TP5_REG
  31          };
  32          
  33          POINTER                 TP[POINTER_NUM]         =               {0};
  34          _FT5206_Info    idata FT5206_Info               =               {0};
  35          
  36          /*******************************************************************************
  37          * Function Name  : FT5206_WR_Reg
  38          * Description    : 向FT5206写入一次数据
  39                             reg:起始寄存器地址
  40                             buf:数据缓缓存区
  41                             len:写数据长度
  42                             返回值:0,成功;1,失败.
  43          * Input          : UINT16 Addr ,UINT8 dat
  44          * Output         : None
  45          * Return         : bit
  46          *******************************************************************************/
  47          UINT8 FT5206_WR_Reg(UINT16 reg,UINT8 *buf,UINT8 len)
  48          {
  49   1              UINT8 i;
  50   1              UINT8 ret=0;
  51   1              IIC_Start();     
  52   1              IIC_Send_Byte(FT_CMD_WR); 
  53   1              IIC_Wait_Ack(); 
  54   1              IIC_Send_Byte(reg>>8); 
  55   1              IIC_Wait_Ack(); 
C51 COMPILER V9.52.0.0   FT5206                                                            10/14/2017 10:14:21 PAGE 2   

  56   1              IIC_Send_Byte(reg&0XFF); 
  57   1              IIC_Wait_Ack(); 
  58   1              for(i=0;i<len;i++)
  59   1              { 
  60   2              IIC_Send_Byte(buf[i]); 
  61   2                      ret=IIC_Wait_Ack();
  62   2                      if(ret)break; 
  63   2              }
  64   1          IIC_Stop(); 
  65   1              return ret; 
  66   1      }
  67          #if 0
              /*******************************************************************************
              * Function Name  : FT5206_RD_Reg
              * Description    : 从FT5206读出一次数据
                                 reg:起始寄存器地址
                                 buf:数据缓缓存区
                                 len:读数据长度                        
              * Input          : UINT16 reg,
                                                 UINT8 *buf,
                                                 UINT8 len
              * Output         : None
              * Return         : None
              *******************************************************************************/
              void FT5206_RD_Reg(UINT16 reg,UINT8 *buf,UINT8 len)
              {
                      UINT8 i; 
                      IIC_Start();    
                      IIC_Send_Byte(FT_CMD_WR);       //发送写命令     
                      IIC_Wait_Ack();                                                                                                            
                      IIC_Send_Byte(reg&0XFF);        //发送低8位地址
                      IIC_Wait_Ack();  
                      IIC_Start();               
                      IIC_Send_Byte(FT_CMD_RD);       //发送读命令               
                      IIC_Wait_Ack();    
                      for(i=0;i<len;i++)
                      {          
                      buf[i]=IIC_Read_Byte(i==(len-1)?0:1); //发数据    
                      } 
                  IIC_Stop();//产生一个停止条件     
              }
              #endif
  98          /*
  99          * IIC protocol 
 100          * READ DATA:
 101          * Device Address, Packet length LSB, Packet length MSB, Packet ID, Packet Data 1, Packet Data 2, ... stop.
 102          */
 103          #define         PACKET_ID               (0XF6)
 104          #define         PACKET_LEN              (0XEE)
 105          
 106          void CY568_RD_Reg(UINT16 packet_id,UINT8 *buf,UINT8 packet_len)
 107          {
 108   1              UINT8 i; 
 109   1              IIC_Start();    
 110   1              IIC_Send_Byte(FT_CMD_WR);                               /* send read addr */
 111   1              IIC_Wait_Ack();                                                                                                            
 112   1              
 113   1              IIC_Send_Byte( packet_len & 0xff );             /* packet length LSB */
 114   1              IIC_Wait_Ack();
 115   1              IIC_Send_Byte( packet_len >> 8 );               /* packet length MSB */
 116   1              IIC_Wait_Ack();  
 117   1      
C51 COMPILER V9.52.0.0   FT5206                                                            10/14/2017 10:14:21 PAGE 3   

 118   1              IIC_Send_Byte( packet_id );                             /* packet ID */
 119   1              IIC_Wait_Ack();  
 120   1              
 121   1              for(i=0;i<packet_len;i++)                                       /*  */
 122   1              {          
 123   2              buf[i]=IIC_Read_Byte(i==(packet_len-1)?0:1); //发数据     
 124   2              } 
 125   1          IIC_Stop();//产生一个停止条件     
 126   1      } 
 127          
 128          
 129          
 130          void FT5206_RD_Reg(UINT16 reg,UINT8 *buf,UINT8 len)
 131          {
 132   1              UINT8 i;
 133   1              UINT8 readedLen=1;
 134   1              IIC_Start();    
 135   1              IIC_Send_Byte(0x48);
 136   1              IIC_Wait_Ack();                                                                                                            
 137   1              IIC_Send_Byte(0x03);
 138   1              IIC_Wait_Ack();                                                                                                            
 139   1              IIC_Send_Byte(0x00);
 140   1              IIC_Wait_Ack();                                                                                                            
 141   1              IIC_Stop();
 142   1      
 143   1              IIC_Start();    
 144   1              IIC_Send_Byte(0x49);
 145   1              IIC_Wait_Ack();                                                                                                            
 146   1      
 147   1              for(i=0;i<readedLen;i++){
 148   2          buf[i]=IIC_Read_Byte(1); 
 149   2                      readedLen=buf[0];
 150   2              } 
 151   1              IIC_Stop();
 152   1      }
*** WARNING C280 IN LINE 130 OF FT5206.C: 'reg': unreferenced local variable
*** WARNING C280 IN LINE 130 OF FT5206.C: 'len': unreferenced local variable
 153          
 154          
 155          
 156          /*******************************************************************************
 157          * Function Name  : FT5206_Init
 158          * Description    : 初始化FT5206触摸屏
 159                             返回值:0,初始化成功;1,初始化失败 
 160          * Input          : None
 161          * Output         : None
 162          * Return         : UINT8
 163          *******************************************************************************/
 164          UINT8 FT5206_Init(void)
 165          {
 166   1              FT5206_INT_PIN = 1;
 167   1              FT5206_RST(0);                                                                                          /* 复位 */
 168   1              mDelaymS(20);
 169   1              FT5206_RST(1);                                                                                          /* 释放复位 */
 170   1              mDelaymS(50);   
 171   1              
 172   1              Get_Config_Info();
 173   1              FT5206_Info.X_Resolution = 2048 / (double)FT5206_Info.x_max_pos;
 174   1              FT5206_Info.Y_Resolution = 2048 / (double)FT5206_Info.y_max_pos;
 175   1              
 176   1      //      printf("Resolution:%f,%f\n",X_Resolution,Y_Resolution);
 177   1              return 1;
C51 COMPILER V9.52.0.0   FT5206                                                            10/14/2017 10:14:21 PAGE 4   

 178   1      }
 179          
 180          UINT8 SerialData[10] = { 
 181                  0X54, 0X55,                                             /* start */
 182                  0X00,0X00,0X00,0X00,0X00,               /* pos */
 183                  0X0FF,0X00,                                             /* end */
 184                  0X00};                                                  /* check out */         
 185          
 186          /*******************************************************************************
 187          * Function Name  : FT5206_Scan
 188          * Description    : 扫描触摸屏(采用查询方式)
 189          * Input          : None
 190          * Output         : None
 191          * Return         : None
 192          *******************************************************************************/
 193          UINT8 FT5206_Scan( void )
 194          {
 195   1              UINT8 i=0;
 196   1              UINT8 TP_Value[PACKET_LEN] = {0};
 197   1      //      static t;
 198   1      //      t++;
 199   1      //      if( t > 10 )
 200   1      //      {
 201   1      //              t = 0;
 202   1                      
 203   1      //              memset( TP_Value, 0,  PACKET_LEN );
 204   1      
 205   1                      FT5206_RD_Reg( 0X03,TP_Value,0X11);//读取触摸点的状态  
 206   1                      if( TP_Value[0] >= 0x11 )
 207   1                      {
 208   2                              FT5206_Info.Point_Num = ( TP_Value[0] -7 )/10;
 209   2                      }
 210   1                      else
 211   1                      {
 212   2                              return 0;
 213   2                      }               
 214   1      //              printf("%d\n",(UINT16)FT5206_Info.Point_Num );
 215   1      
 216   1                      
 217   1                      for( i = 0; i < FT5206_Info.Point_Num; i++ )
 218   1                      {
 219   2                              TP[i].Tip_Switch = (TP_Value[8+10*i] & 0X80)? 1:0;
 220   2                              TP[i].Contact_Identifier = TP_Value[8+10*i] & 0X0F;
 221   2                              TP[i].Resolution_Multi = 0X0030;
 222   2                              
 223   2                              if( FT5206_Info.x_y_swap == 1 )
 224   2                              {
 225   3                                      TP[i].Y_pos = ( TP_Value[ 9+10*i] + ( (UINT16)TP_Value[10+10*i]<<8 ) )  * FT5206_Info.Y_Resolution;     
 226   3                                      TP[i].X_pos = ( TP_Value[11+10*i] + ( (UINT16)TP_Value[12+10*i]<<8 ) )  * FT5206_Info.X_Resolution;             
             -                
 227   3                              }
 228   2                              else
 229   2                              {
 230   3      
 231   3                                      TP[i].X_pos = ( TP_Value[ 9+10*i] + ( (UINT16)TP_Value[10+10*i]<<8 ) )  * FT5206_Info.X_Resolution; 
 232   3                                      TP[i].Y_pos = ( TP_Value[11+10*i] + ( (UINT16)TP_Value[12+10*i]<<8 ) )  * FT5206_Info.Y_Resolution;             
             -                
 233   3                              }
 234   2                              
 235   2                              
 236   2                              if ( FT5206_Info.x_mirror == 1 )
 237   2                              {
C51 COMPILER V9.52.0.0   FT5206                                                            10/14/2017 10:14:21 PAGE 5   

 238   3                                      TP[i].X_pos = 2048 - TP[i].X_pos;
 239   3                              }
 240   2                              
 241   2                              
 242   2                              if ( FT5206_Info.y_mirror == 1 )
 243   2                              {
 244   3                                      TP[i].Y_pos = 2048 - TP[i].Y_pos;
 245   3                              }
 246   2                              
 247   2                      }
 248   1      #if 0
                              for( i = 0; i < 30; i++ )
                              {
                                      printf("%d  ",(UINT16)TP_Value[i]);
                              }
                              printf("\n");
              
              //              printf("Resolution:%f,%f\n",X_Resolution,Y_Resolution);
              
                              for( i = 0; i < FT5206_Info.Point_Num ; i++ )
                              {
                                      printf("TP_Switch:%d\tID:%d\tX_pos:%d\tY_pos:%d\n",
                                              (UINT16)TP[i].Tip_Switch,(UINT16)TP[i].Contact_Identifier,(UINT16)TP[i].X_pos,(UINT16)TP[i].Y_pos );
                              }
              #endif          
 263   1                      return 1;
 264   1      //      }
 265   1      //      
 266   1      //      return 0;
 267   1      
 268   1      
 269   1      }
 270          
 271          /*******************************************************************************
 272          * Function Name  : FT5206_Touch_Check
 273          * Description    : 按键检测与上传
 274          * Input          : None
 275          * Output         : None
 276          * Return         : None
 277          *******************************************************************************/
 278          UINT8 FT5206_Touch_Check( void )
 279          {
 280   1      //      if( FT5206_Info.IRQ_Flag == 1 )
 281   1      //      {
 282   1      //              FT5206_Info.IRQ_Flag = 0;               
 283   1                      
 284   1                      if( FT5206_Scan() == 1)
 285   1                      {
 286   2                              Absolute_Up_Pack( &TP, FT5206_Info.Point_Num );
 287   2                      }
 288   1      //              EX0 = 1;
 289   1      //      }
 290   1      
 291   1              return 0;
 292   1      }
 293          
 294          /*******************************************************************************
 295          * Function Name  : FT5206_ISR
 296          * Description    : 外部中断0
 297          * Input          : None
 298          * Output         : None
 299          * Return         : None
C51 COMPILER V9.52.0.0   FT5206                                                            10/14/2017 10:14:21 PAGE 6   

 300          *******************************************************************************/
 301          void    FT5206_ISR( void ) interrupt INT_NO_INT0 using 1                    //USB中断服务程序,使用寄存器组
             -1
 302          {
 303   1              EX0 = 0;
 304   1              FT5206_Info.IRQ_Flag = 1;
 305   1      #if DE_PRINTF   
                      printf("INT\n");
              #endif  
 308   1      }
 309          
 310          /* END OF FILE */


MODULE INFORMATION:   STATIC OVERLAYABLE
   CODE SIZE        =    912    ----
   CONSTANT SIZE    =    238    ----
   XDATA SIZE       =    148     262
   PDATA SIZE       =   ----    ----
   DATA SIZE        =   ----    ----
   IDATA SIZE       =     17    ----
   BIT SIZE         =   ----    ----
END OF MODULE INFORMATION.


C51 COMPILATION COMPLETE.  2 WARNING(S),  0 ERROR(S)
